<?xml version="1.0" encoding="UTF-8"?>
<testsuite name="edu.uoc.uocoban.model.entities.movable.SmallBoxTest" tests="5" skipped="0" failures="0" errors="0" timestamp="2023-05-26T08:19:56" hostname="DESKTOP-R3THNTI" time="0.015">
  <properties/>
  <testcase name="Sanity SmallBox - Class definition" classname="edu.uoc.uocoban.model.entities.movable.SmallBoxTest" time="0.002"/>
  <testcase name="Sanity SmallBox - Methods definition" classname="edu.uoc.uocoban.model.entities.movable.SmallBoxTest" time="0.003"/>
  <testcase name="testInitSmallBox()" classname="edu.uoc.uocoban.model.entities.movable.SmallBoxTest" time="0.002"/>
  <testcase name="Sanity SmallBox - Fields definition" classname="edu.uoc.uocoban.model.entities.movable.SmallBoxTest" time="0.002"/>
  <testcase name="testSetPosition()" classname="edu.uoc.uocoban.model.entities.movable.SmallBoxTest" time="0.002"/>
  <system-out><![CDATA[]]></system-out>
  <system-err><![CDATA[]]></system-err>
</testsuite>
